<?xml version="1.0" encoding="UTF-8"?>
<testsuite xmlns:xsi="http://www.w3.org/2001/XMLSchema-instance" xsi:noNamespaceSchemaLocation="https://maven.apache.org/surefire/maven-surefire-plugin/xsd/surefire-test-report-3.0.xsd" version="3.0" name="modelo.dao.AlumnoDAOTest" time="0.007" tests="3" errors="0" skipped="0" failures="0">
  <properties>
[...]
</properties>
  <testcase name="testListaAlumnosVaciaInicialmente" classname="modelo.dao.AlumnoDAOTest" time="0"/>
  <testcase name="testExportarAlumnosACSV" classname="modelo.dao.AlumnoDAOTest" time="0.004">
    <system-out><![CDATA[Alumnos exportados exitosamente a: /var/folders/st/db2dz8jn1ldb6k1c_rsypxc00000gn/T/alumnos_test7640842351846344645.csv
]]></system-out>
  </testcase>
  <testcase name="testCargarAlumnosDesdeCSV" classname="modelo.dao.AlumnoDAOTest" time="0">
    <system-out><![CDATA[Alumnos cargados exitosamente desde: /var/folders/st/db2dz8jn1ldb6k1c_rsypxc00000gn/T/alumnos_test13043139475871180657.csv
]]></system-out>
  </testcase>
</testsuite>